<?xml version="1.0" encoding="UTF-8" ?>
<testsuite tests="16" failures="0" name="core.basesyntax.CalcTest" time="0.008" errors="0" skipped="0">
  <properties>
    <property name="java.runtime.name" value="OpenJDK Runtime Environment"/>
    <property name="java.vm.version" value="11.0.5+10-b520.17"/>
    <property name="sun.boot.library.path" value="C:\Program Files\IntelliJ IDEA 2019.2.4\jbr\bin"/>
    <property name="maven.multiModuleProjectDirectory" value="C:\Users\MrNopi\MateAcademy\Projects\jv-lambda-calc"/>
    <property name="java.vm.vendor" value="JetBrains s.r.o"/>
    <property name="java.vendor.url" value="https://www.jetbrains.com/"/>
    <property name="guice.disable.misplaced.annotation.check" value="true"/>
    <property name="path.separator" value=";"/>
    <property name="java.vm.name" value="OpenJDK 64-Bit Server VM"/>
    <property name="sun.os.patch.level" value="Service Pack 1"/>
    <property name="user.script" value=""/>
    <property name="user.country" value="RU"/>
    <property name="sun.java.launcher" value="SUN_STANDARD"/>
    <property name="java.vm.specification.name" value="Java Virtual Machine Specification"/>
    <property name="user.dir" value="C:\Users\MrNopi\MateAcademy\Projects\jv-lambda-calc"/>
    <property name="java.vm.compressedOopsMode" value="32-bit"/>
    <property name="java.runtime.version" value="11.0.5+10-b520.17"/>
    <property name="java.awt.graphicsenv" value="sun.awt.Win32GraphicsEnvironment"/>
    <property name="os.arch" value="amd64"/>
    <property name="java.io.tmpdir" value="C:\Users\MrNopi\AppData\Local\Temp\"/>
    <property name="line.separator" value="
"/>
    <property name="java.vm.specification.vendor" value="Oracle Corporation"/>
    <property name="user.variant" value=""/>
    <property name="os.name" value="Windows 7"/>
    <property name="maven.ext.class.path" value="C:\Program Files\IntelliJ IDEA 2019.2.4\plugins\maven\lib\maven-event-listener.jar"/>
    <property name="classworlds.conf" value="C:\Program Files\IntelliJ IDEA 2019.2.4\plugins\maven\lib\maven3\bin\m2.conf"/>
    <property name="sun.jnu.encoding" value="Cp1251"/>
    <property name="java.library.path" value="C:\Program Files\IntelliJ IDEA 2019.2.4\jbr\bin;C:\Windows\Sun\Java\bin;C:\Windows\system32;C:\Windows;C:\Windows\system32;C:\Windows;C:\Windows\System32\Wbem;C:\Windows\System32\WindowsPowerShell\v1.0\;C:\Program Files\Intel\WiFi\bin\;C:\Program Files\Common Files\Intel\WirelessCommon\; C:\Program Files\IntelliJ IDEA 2019.2.4\apache-maven-3.6.3\bin;C:\Program Files\MySQL\MySQL Shell 8.0\bin\;C:\Program Files\Intel\WiFi\bin\;C:\Program Files\Common Files\Intel\WirelessCommon\;C:\Program Files\IntelliJ IDEA 2019.2.4\bin;C:\Program Files\IntelliJ IDEA 2019.2.4\apache-maven-3.6.3\bin;C:\Users\MrNopi\AppData\Local\GitHubDesktop\bin;C:\Users\MrNopi\AppData\Local\GitHubDesktop\app-2.2.3\resources\app\git\mingw64\bin;."/>
    <property name="maven.conf" value="C:\Program Files\IntelliJ IDEA 2019.2.4\plugins\maven\lib\maven3/conf"/>
    <property name="jdk.debug" value="release"/>
    <property name="java.class.version" value="55.0"/>
    <property name="java.specification.name" value="Java Platform API Specification"/>
    <property name="sun.management.compiler" value="HotSpot 64-Bit Tiered Compilers"/>
    <property name="os.version" value="6.1"/>
    <property name="idea.version2019.3.1" value="true"/>
    <property name="user.home" value="C:\Users\MrNopi"/>
    <property name="user.timezone" value="Europe/Moscow"/>
    <property name="java.awt.printerjob" value="sun.awt.windows.WPrinterJob"/>
    <property name="file.encoding" value="UTF-8"/>
    <property name="java.specification.version" value="11"/>
    <property name="user.name" value="MrNopi"/>
    <property name="java.class.path" value="C:\Program Files\IntelliJ IDEA 2019.2.4\plugins\maven\lib\maven3\boot\plexus-classworlds-2.6.0.jar"/>
    <property name="java.vm.specification.version" value="11"/>
    <property name="sun.arch.data.model" value="64"/>
    <property name="sun.java.command" value="org.codehaus.classworlds.Launcher -Didea.version2019.3.1 package"/>
    <property name="java.home" value="C:\Program Files\IntelliJ IDEA 2019.2.4\jbr"/>
    <property name="user.language" value="ru"/>
    <property name="java.specification.vendor" value="Oracle Corporation"/>
    <property name="awt.toolkit" value="sun.awt.windows.WToolkit"/>
    <property name="java.vm.info" value="mixed mode, sharing"/>
    <property name="java.version" value="11.0.5"/>
    <property name="java.vendor" value="JetBrains s.r.o"/>
    <property name="maven.home" value="C:\Program Files\IntelliJ IDEA 2019.2.4\plugins\maven\lib\maven3"/>
    <property name="file.separator" value="\"/>
    <property name="java.version.date" value="2019-10-15"/>
    <property name="java.vendor.url.bug" value="https://youtrack.jetbrains.com"/>
    <property name="sun.io.unicode.encoding" value="UnicodeLittle"/>
    <property name="sun.cpu.endian" value="little"/>
    <property name="sun.desktop" value="windows"/>
    <property name="sun.cpu.isalist" value="amd64"/>
  </properties>
  <testcase classname="core.basesyntax.CalcTest" name="divisionTestNegativeNumberCorrect" time="0.003"/>
  <testcase classname="core.basesyntax.CalcTest" name="substitutionNegativeNumberTestCorrect" time="0"/>
  <testcase classname="core.basesyntax.CalcTest" name="subtractionNegativeNumberTestCorrect" time="0.004"/>
  <testcase classname="core.basesyntax.CalcTest" name="powerTestCorrect" time="0.001"/>
  <testcase classname="core.basesyntax.CalcTest" name="substitutionTestCorrect" time="0"/>
  <testcase classname="core.basesyntax.CalcTest" name="divisionTestNull" time="0"/>
  <testcase classname="core.basesyntax.CalcTest" name="substitutionTestNull" time="0"/>
  <testcase classname="core.basesyntax.CalcTest" name="powerTestNegativeValueCorrect" time="0"/>
  <testcase classname="core.basesyntax.CalcTest" name="multiplyTestNegativeNumberCorrect" time="0"/>
  <testcase classname="core.basesyntax.CalcTest" name="divisionTestCorrect" time="0"/>
  <testcase classname="core.basesyntax.CalcTest" name="subtractionTestCorrect" time="0"/>
  <testcase classname="core.basesyntax.CalcTest" name="multiplyingTestNull" time="0"/>
  <testcase classname="core.basesyntax.CalcTest" name="powerTestNull" time="0"/>
  <testcase classname="core.basesyntax.CalcTest" name="powerTestZero" time="0"/>
  <testcase classname="core.basesyntax.CalcTest" name="subtractionTestNull" time="0"/>
  <testcase classname="core.basesyntax.CalcTest" name="multiplyTestCorrect" time="0"/>
</testsuite>